Files already downloaded and verified
--- Epoch 0 ---
Epoch 0, Classification Discrepancy: 1.0000, JSD: 0.0399,outputs_discrepancy:1.8201066255569458
Files already downloaded and verified
--- Epoch 0 ---
Epoch 1, Loss: 2.0233
Files already downloaded and verified
--- Epoch 0 ---
Epoch 0, Classification Discrepancy: 1.0000, JSD: 1.9340,outputs_discrepancy:17.11324691772461
Epoch 1, Loss: 2.0253
--- Epoch 1 ---
Epoch 0, Classification Discrepancy: 0.5317, JSD: 0.1081,outputs_discrepancy:4.847087860107422
Epoch 1, Classification Discrepancy: 0.5320, JSD: 0.0743,outputs_discrepancy:2.4379823207855225
Epoch 1, Loss: 3.1552
Epoch 1, Loss: 2.1268
Epoch 2, Loss: 1.8119
Epoch 1, Loss: 2.9702
--- Epoch 1 ---
Epoch 1, Loss: 2.1381
--- Epoch 1 ---
Epoch 2, Loss: 1.8102
--- Epoch 2 ---
Epoch 1, Classification Discrepancy: 0.6843, JSD: 0.2336,outputs_discrepancy:43.10264205932617
Epoch 1, Classification Discrepancy: 0.4797, JSD: 0.1535,outputs_discrepancy:3.4742374420166016
Epoch 2, Classification Discrepancy: 0.3999, JSD: 0.0965,outputs_discrepancy:2.1640892028808594
Epoch 2, Loss: 2.6030
Epoch 2, Loss: 1.8929
Epoch 3, Loss: 1.7144
Epoch 3, Loss: 1.7045
--- Epoch 3 ---
Epoch 2, Loss: 1.9037
--- Epoch 2 ---
Epoch 2, Loss: 2.5638
--- Epoch 2 ---
Epoch 3, Classification Discrepancy: 0.3823, JSD: 0.0773,outputs_discrepancy:2.5233118534088135
Epoch 2, Classification Discrepancy: 0.5018, JSD: 0.2110,outputs_discrepancy:4.188195705413818
Epoch 2, Classification Discrepancy: 0.7012, JSD: 0.1784,outputs_discrepancy:24.323389053344727
Epoch 4, Loss: 1.6438
Epoch 3, Loss: 1.7956
Epoch 3, Loss: 2.3962
Epoch 4, Loss: 1.6222
--- Epoch 4 ---
Epoch 3, Loss: 1.8289
--- Epoch 3 ---
Epoch 3, Loss: 2.3715
--- Epoch 3 ---
Epoch 4, Classification Discrepancy: 0.3858, JSD: 0.0875,outputs_discrepancy:2.287639856338501
Epoch 3, Classification Discrepancy: 0.4030, JSD: 0.0691,outputs_discrepancy:2.26654052734375
Epoch 5, Loss: 1.5877
Epoch 3, Classification Discrepancy: 0.5642, JSD: 0.0936,outputs_discrepancy:8.130330085754395
Epoch 4, Loss: 1.7275
Epoch 5, Loss: 1.5677
--- Epoch 5 ---
Epoch 4, Loss: 2.2714
Epoch 4, Loss: 1.7443
--- Epoch 4 ---
Epoch 5, Classification Discrepancy: 0.3664, JSD: 0.0761,outputs_discrepancy:2.2715024948120117
Epoch 4, Classification Discrepancy: 0.4240, JSD: 0.1103,outputs_discrepancy:2.344791889190674
Epoch 4, Loss: 2.2769
--- Epoch 4 ---
Epoch 6, Loss: 1.5321
Epoch 5, Loss: 1.7040
Epoch 4, Classification Discrepancy: 0.4863, JSD: 0.0721,outputs_discrepancy:16.54937744140625
Epoch 6, Loss: 1.5226
--- Epoch 6 ---
Epoch 5, Loss: 1.7102
--- Epoch 5 ---
Epoch 6, Classification Discrepancy: 0.3134, JSD: 0.0732,outputs_discrepancy:2.1197123527526855
Epoch 5, Loss: 2.1945
Epoch 5, Classification Discrepancy: 0.4798, JSD: 0.1582,outputs_discrepancy:3.5454061031341553
Epoch 7, Loss: 1.4926
Epoch 5, Loss: 2.1330
--- Epoch 5 ---
Epoch 6, Loss: 1.6393
Epoch 7, Loss: 1.4809
--- Epoch 7 ---
Epoch 5, Classification Discrepancy: 0.4843, JSD: 0.0830,outputs_discrepancy:14.348623275756836
Epoch 6, Loss: 1.6903
--- Epoch 6 ---
Epoch 7, Classification Discrepancy: 0.3337, JSD: 0.0831,outputs_discrepancy:2.3118486404418945
Epoch 8, Loss: 1.4615
Epoch 6, Classification Discrepancy: 0.3731, JSD: 0.0904,outputs_discrepancy:2.4277615547180176
Epoch 6, Loss: 2.1396
Epoch 8, Loss: 1.4471
--- Epoch 8 ---
Epoch 7, Loss: 1.6244
Epoch 6, Loss: 2.0916
--- Epoch 6 ---
Epoch 8, Classification Discrepancy: 0.2870, JSD: 0.0781,outputs_discrepancy:2.3093390464782715
Epoch 7, Loss: 1.6161
--- Epoch 7 ---
Epoch 6, Classification Discrepancy: 0.5193, JSD: 0.1354,outputs_discrepancy:11.07087230682373
Epoch 9, Loss: 1.4327
Epoch 7, Classification Discrepancy: 0.3307, JSD: 0.0686,outputs_discrepancy:2.099902629852295
Epoch 7, Loss: 2.1085
Epoch 9, Loss: 1.4230
--- Epoch 9 ---
Epoch 8, Loss: 1.5750
Epoch 9, Classification Discrepancy: 0.2890, JSD: 0.0728,outputs_discrepancy:2.067828893661499
Epoch 7, Loss: 2.0632
--- Epoch 7 ---
Epoch 8, Loss: 1.5617
--- Epoch 8 ---
Epoch 10, Loss: 1.4087
Epoch 7, Classification Discrepancy: 0.4727, JSD: 0.1342,outputs_discrepancy:17.310617446899414
Epoch 8, Classification Discrepancy: 0.3500, JSD: 0.0699,outputs_discrepancy:1.9461696147918701
Epoch 10, Loss: 1.4025
--- Epoch 10 ---
Epoch 9, Loss: 1.5549
Epoch 8, Loss: 2.0336
Epoch 10, Classification Discrepancy: 0.2920, JSD: 0.0684,outputs_discrepancy:2.097750663757324
Epoch 9, Loss: 1.5588
--- Epoch 9 ---
Epoch 11, Loss: 1.3902
Epoch 8, Loss: 1.9909
--- Epoch 8 ---
Epoch 9, Classification Discrepancy: 0.3520, JSD: 0.0973,outputs_discrepancy:3.0884158611297607
Epoch 11, Loss: 1.3767
--- Epoch 11 ---
Epoch 8, Classification Discrepancy: 0.5168, JSD: 0.1715,outputs_discrepancy:11.032975196838379
Epoch 10, Loss: 1.5065
Epoch 11, Classification Discrepancy: 0.2757, JSD: 0.0680,outputs_discrepancy:1.9688491821289062
Epoch 9, Loss: 2.0247
Epoch 12, Loss: 1.3657
Epoch 10, Loss: 1.5021
--- Epoch 10 ---
Epoch 9, Loss: 2.0193
--- Epoch 9 ---
Epoch 12, Loss: 1.3638
--- Epoch 12 ---
Epoch 10, Classification Discrepancy: 0.3158, JSD: 0.0738,outputs_discrepancy:2.1953182220458984
Epoch 12, Classification Discrepancy: 0.2979, JSD: 0.0999,outputs_discrepancy:2.1106197834014893
Epoch 9, Classification Discrepancy: 0.4498, JSD: 0.1186,outputs_discrepancy:16.43177604675293
Epoch 11, Loss: 1.4815
Epoch 13, Loss: 1.3464
Epoch 11, Loss: 1.4730
--- Epoch 11 ---
Epoch 10, Loss: 1.9628
Epoch 13, Loss: 1.3425
--- Epoch 13 ---
Epoch 11, Classification Discrepancy: 0.3102, JSD: 0.0790,outputs_discrepancy:2.4598135948181152
Epoch 10, Loss: 1.9217
--- Epoch 10 ---
Epoch 13, Classification Discrepancy: 0.2544, JSD: 0.0608,outputs_discrepancy:1.979665994644165
Epoch 12, Loss: 1.4548
Epoch 10, Classification Discrepancy: 0.4109, JSD: 0.1285,outputs_discrepancy:26.859529495239258
Epoch 14, Loss: 1.3359
Epoch 12, Loss: 1.4589
--- Epoch 12 ---
Epoch 14, Loss: 1.3245
--- Epoch 14 ---
Epoch 11, Loss: 1.9718
Epoch 12, Classification Discrepancy: 0.2765, JSD: 0.0612,outputs_discrepancy:1.9331880807876587
Epoch 14, Classification Discrepancy: 0.2551, JSD: 0.0708,outputs_discrepancy:2.0045347213745117
Epoch 11, Loss: 1.9024
--- Epoch 11 ---
Epoch 13, Loss: 1.4325
Epoch 15, Loss: 1.3171
Epoch 11, Classification Discrepancy: 0.4111, JSD: 0.0627,outputs_discrepancy:5.033629417419434
Epoch 13, Loss: 1.4517
--- Epoch 13 ---
Epoch 15, Loss: 1.3099
--- Epoch 15 ---
Epoch 13, Classification Discrepancy: 0.2816, JSD: 0.0640,outputs_discrepancy:2.0018599033355713
Epoch 15, Classification Discrepancy: 0.2410, JSD: 0.0633,outputs_discrepancy:2.019662380218506
Epoch 12, Loss: 2.0583
Epoch 14, Loss: 1.4067
Epoch 16, Loss: 1.3017
Epoch 12, Loss: 1.8673
--- Epoch 12 ---
Epoch 14, Loss: 1.4229
--- Epoch 14 ---
Epoch 16, Loss: 1.2943
--- Epoch 16 ---
Epoch 12, Classification Discrepancy: 0.4457, JSD: 0.1128,outputs_discrepancy:17.15890884399414
Epoch 14, Classification Discrepancy: 0.2722, JSD: 0.0651,outputs_discrepancy:2.1323437690734863
Epoch 16, Classification Discrepancy: 0.2588, JSD: 0.0736,outputs_discrepancy:2.090418815612793
Epoch 13, Loss: 1.9696
Epoch 17, Loss: 1.2897
Epoch 15, Loss: 1.3836
Epoch 17, Loss: 1.2829
--- Epoch 17 ---
Epoch 13, Loss: 1.8458
--- Epoch 13 ---
Epoch 15, Loss: 1.3887
--- Epoch 15 ---
Epoch 17, Classification Discrepancy: 0.2360, JSD: 0.0678,outputs_discrepancy:2.078803539276123
Epoch 13, Classification Discrepancy: 0.4120, JSD: 0.0887,outputs_discrepancy:7.254837512969971
Epoch 15, Classification Discrepancy: 0.2611, JSD: 0.0647,outputs_discrepancy:1.9898290634155273
Epoch 18, Loss: 1.2755
Epoch 16, Loss: 1.3643
Epoch 14, Loss: 1.9015
Epoch 18, Loss: 1.2681
--- Epoch 18 ---
Epoch 16, Loss: 1.3665
--- Epoch 16 ---
Epoch 14, Loss: 1.8537
--- Epoch 14 ---
Epoch 18, Classification Discrepancy: 0.2631, JSD: 0.0896,outputs_discrepancy:2.2047119140625
Epoch 16, Classification Discrepancy: 0.2861, JSD: 0.0827,outputs_discrepancy:2.2729053497314453
Epoch 14, Classification Discrepancy: 0.4157, JSD: 0.0916,outputs_discrepancy:6.719992160797119
Epoch 19, Loss: 1.2616
Epoch 17, Loss: 1.3546
Epoch 19, Loss: 1.2564
--- Epoch 19 ---
Epoch 15, Loss: 1.9666
Epoch 17, Loss: 1.3533
--- Epoch 17 ---
Epoch 19, Classification Discrepancy: 0.2425, JSD: 0.0673,outputs_discrepancy:2.1658637523651123
Epoch 17, Classification Discrepancy: 0.2574, JSD: 0.0681,outputs_discrepancy:2.2969954013824463
Epoch 15, Loss: 1.8524
--- Epoch 15 ---
Epoch 20, Loss: 1.2449
Epoch 18, Loss: 1.3390
Epoch 15, Classification Discrepancy: 0.4700, JSD: 0.1149,outputs_discrepancy:18.788339614868164
Epoch 20, Loss: 1.2481
--- Epoch 20 ---
Epoch 18, Loss: 1.3442
--- Epoch 18 ---
Epoch 20, Classification Discrepancy: 0.2407, JSD: 0.0719,outputs_discrepancy:2.19071364402771
Epoch 16, Loss: 2.0160
Epoch 18, Classification Discrepancy: 0.2521, JSD: 0.0638,outputs_discrepancy:2.0973916053771973
Epoch 21, Loss: 1.2395
Epoch 16, Loss: 1.8175
--- Epoch 16 ---
Epoch 19, Loss: 1.3255
Epoch 21, Loss: 1.2305
--- Epoch 21 ---
Epoch 16, Classification Discrepancy: 0.4910, JSD: 0.1145,outputs_discrepancy:5.397605895996094
Epoch 19, Loss: 1.3281
--- Epoch 19 ---
Epoch 21, Classification Discrepancy: 0.2451, JSD: 0.0784,outputs_discrepancy:2.1389338970184326
Epoch 17, Loss: 1.9402
Epoch 19, Classification Discrepancy: 0.2744, JSD: 0.0744,outputs_discrepancy:1.993272304534912
Epoch 22, Loss: 1.2317
Epoch 20, Loss: 1.3101
Epoch 22, Loss: 1.2230
--- Epoch 22 ---
Epoch 17, Loss: 1.7878
--- Epoch 17 ---
Epoch 20, Loss: 1.3108
--- Epoch 20 ---
Epoch 22, Classification Discrepancy: 0.2218, JSD: 0.0700,outputs_discrepancy:2.063124656677246
Epoch 17, Classification Discrepancy: 0.5334, JSD: 0.1812,outputs_discrepancy:9.433585166931152
Epoch 23, Loss: 1.2175
Epoch 20, Classification Discrepancy: 0.2452, JSD: 0.0726,outputs_discrepancy:2.148446798324585
Epoch 18, Loss: 1.9078
Epoch 23, Loss: 1.2117
--- Epoch 23 ---
Epoch 21, Loss: 1.2940
Epoch 18, Loss: 1.7716
--- Epoch 18 ---
Epoch 23, Classification Discrepancy: 0.2194, JSD: 0.0632,outputs_discrepancy:2.080294370651245
Epoch 21, Loss: 1.3082
--- Epoch 21 ---
Epoch 18, Classification Discrepancy: 0.4396, JSD: 0.1092,outputs_discrepancy:12.870691299438477
Epoch 24, Loss: 1.2083
Epoch 21, Classification Discrepancy: 0.2402, JSD: 0.0656,outputs_discrepancy:2.090000867843628
Epoch 24, Loss: 1.1996
--- Epoch 24 ---
Epoch 19, Loss: 1.8500
Epoch 22, Loss: 1.2896
Epoch 24, Classification Discrepancy: 0.2326, JSD: 0.0827,outputs_discrepancy:2.1969778537750244
Epoch 22, Loss: 1.2882
--- Epoch 22 ---
Epoch 19, Loss: 1.7580
--- Epoch 19 ---
Epoch 25, Loss: 1.2043
Epoch 22, Classification Discrepancy: 0.2262, JSD: 0.0610,outputs_discrepancy:2.0936245918273926
Epoch 19, Classification Discrepancy: 0.4040, JSD: 0.0943,outputs_discrepancy:14.639434814453125
Epoch 25, Loss: 1.1885
--- Epoch 25 ---
Epoch 23, Loss: 1.2694
Epoch 25, Classification Discrepancy: 0.2153, JSD: 0.0673,outputs_discrepancy:2.1481130123138428
Epoch 20, Loss: 1.8229
Epoch 23, Loss: 1.2767
--- Epoch 23 ---
Epoch 26, Loss: 1.1917
Epoch 20, Loss: 1.7088
--- Epoch 20 ---
Epoch 23, Classification Discrepancy: 0.2271, JSD: 0.0605,outputs_discrepancy:1.8018003702163696
Epoch 26, Loss: 1.1828
--- Epoch 26 ---
Epoch 20, Classification Discrepancy: 0.3838, JSD: 0.0858,outputs_discrepancy:15.513392448425293
Epoch 24, Loss: 1.2685
Epoch 26, Classification Discrepancy: 0.2143, JSD: 0.0691,outputs_discrepancy:2.2115492820739746
Epoch 24, Loss: 1.2671
--- Epoch 24 ---
Epoch 21, Loss: 1.7879
Epoch 27, Loss: 1.1789
Epoch 24, Classification Discrepancy: 0.2363, JSD: 0.0724,outputs_discrepancy:2.056840181350708
Epoch 27, Loss: 1.1733
--- Epoch 27 ---
Epoch 21, Loss: 1.7252
--- Epoch 21 ---
Epoch 27, Classification Discrepancy: 0.2171, JSD: 0.0715,outputs_discrepancy:2.1708812713623047
Epoch 25, Loss: 1.2570
Epoch 21, Classification Discrepancy: 0.3766, JSD: 0.0985,outputs_discrepancy:7.992165565490723
Epoch 28, Loss: 1.1723
Epoch 25, Loss: 1.2582
--- Epoch 25 ---
Epoch 22, Loss: 1.7486
Epoch 28, Loss: 1.1586
--- Epoch 28 ---
Epoch 25, Classification Discrepancy: 0.2141, JSD: 0.0609,outputs_discrepancy:2.151207447052002
Epoch 28, Classification Discrepancy: 0.2203, JSD: 0.0752,outputs_discrepancy:2.251864433288574
Epoch 22, Loss: 1.6761
--- Epoch 22 ---
Epoch 26, Loss: 1.2433
Epoch 29, Loss: 1.1640
Epoch 22, Classification Discrepancy: 0.4140, JSD: 0.1732,outputs_discrepancy:25.672842025756836
Epoch 26, Loss: 1.2445
--- Epoch 26 ---
Epoch 29, Loss: 1.1507
--- Epoch 29 ---
Epoch 26, Classification Discrepancy: 0.2262, JSD: 0.0647,outputs_discrepancy:1.9898208379745483
Epoch 23, Loss: 1.8440
Epoch 29, Classification Discrepancy: 0.2160, JSD: 0.0763,outputs_discrepancy:2.2598302364349365
Epoch 27, Loss: 1.2388
Epoch 23, Loss: 1.6660
--- Epoch 23 ---
Epoch 30, Loss: 1.1560
Epoch 27, Loss: 1.2411
--- Epoch 27 ---
Epoch 30, Loss: 1.1425
--- Epoch 30 ---
Epoch 23, Classification Discrepancy: 0.4095, JSD: 0.1145,outputs_discrepancy:9.247817039489746
Epoch 27, Classification Discrepancy: 0.2258, JSD: 0.0656,outputs_discrepancy:1.9469695091247559
Epoch 30, Classification Discrepancy: 0.2109, JSD: 0.0777,outputs_discrepancy:2.32124662399292
Epoch 24, Loss: 1.7758
Epoch 28, Loss: 1.2218
Epoch 31, Loss: 1.1465
Epoch 24, Loss: 1.6320
--- Epoch 24 ---
Epoch 31, Loss: 1.1346
--- Epoch 31 ---
Epoch 28, Loss: 1.2349
--- Epoch 28 ---
Epoch 24, Classification Discrepancy: 0.4177, JSD: 0.1424,outputs_discrepancy:24.02071762084961
Epoch 31, Classification Discrepancy: 0.2189, JSD: 0.0806,outputs_discrepancy:2.3445308208465576
Epoch 28, Classification Discrepancy: 0.2376, JSD: 0.0916,outputs_discrepancy:2.196549892425537
Epoch 32, Loss: 1.1352
Epoch 29, Loss: 1.2171
Epoch 25, Loss: 1.7824
Epoch 32, Loss: 1.1265
--- Epoch 32 ---
Epoch 29, Loss: 1.2245
--- Epoch 29 ---
Epoch 25, Loss: 1.6185
--- Epoch 25 ---
Epoch 32, Classification Discrepancy: 0.2138, JSD: 0.0822,outputs_discrepancy:2.4407856464385986
Epoch 29, Classification Discrepancy: 0.2430, JSD: 0.0891,outputs_discrepancy:2.1958017349243164
Epoch 25, Classification Discrepancy: 0.3924, JSD: 0.1251,outputs_discrepancy:14.918717384338379
Epoch 33, Loss: 1.1268
Epoch 30, Loss: 1.2177
Epoch 33, Loss: 1.1186
--- Epoch 33 ---
Epoch 26, Loss: 1.7493
Epoch 30, Loss: 1.2153
--- Epoch 30 ---
Epoch 33, Classification Discrepancy: 0.2092, JSD: 0.0764,outputs_discrepancy:2.4253766536712646
Epoch 26, Loss: 1.5931
--- Epoch 26 ---
Epoch 30, Classification Discrepancy: 0.2151, JSD: 0.0719,outputs_discrepancy:2.04982852935791
Epoch 34, Loss: 1.1183
Epoch 26, Classification Discrepancy: 0.3905, JSD: 0.1574,outputs_discrepancy:29.403181076049805
Epoch 31, Loss: 1.2024
Epoch 34, Loss: 1.1140
--- Epoch 34 ---
Epoch 31, Loss: 1.2096
--- Epoch 31 ---
Epoch 27, Loss: 1.8322
Epoch 34, Classification Discrepancy: 0.2060, JSD: 0.0768,outputs_discrepancy:2.4081811904907227
Epoch 31, Classification Discrepancy: 0.2069, JSD: 0.0636,outputs_discrepancy:2.004030466079712
Epoch 35, Loss: 1.1089
Epoch 27, Loss: 1.6015
--- Epoch 27 ---
Epoch 32, Loss: 1.1959
Epoch 35, Loss: 1.1006
Epoch 27, Classification Discrepancy: 0.4269, JSD: 0.1164,outputs_discrepancy:5.358545303344727
Epoch 32, Loss: 1.2006
--- Epoch 32 ---
Epoch 28, Loss: 1.8343
Epoch 32, Classification Discrepancy: 0.2259, JSD: 0.0789,outputs_discrepancy:2.229846954345703
Epoch 33, Loss: 1.1884
Epoch 28, Loss: 1.5979
--- Epoch 28 ---
Epoch 33, Loss: 1.1953
--- Epoch 33 ---
Epoch 28, Classification Discrepancy: 0.4376, JSD: 0.1179,outputs_discrepancy:5.3005571365356445
Epoch 33, Classification Discrepancy: 0.2177, JSD: 0.0671,outputs_discrepancy:1.9574159383773804
Epoch 29, Loss: 1.7600
Epoch 34, Loss: 1.1744
Epoch 29, Loss: 1.5709
--- Epoch 29 ---
Epoch 34, Loss: 1.1848
--- Epoch 34 ---
Epoch 29, Classification Discrepancy: 0.3898, JSD: 0.1436,outputs_discrepancy:8.285150527954102
Epoch 34, Classification Discrepancy: 0.2133, JSD: 0.0748,outputs_discrepancy:2.219442844390869
Epoch 35, Loss: 1.1732
Epoch 30, Loss: 1.7180
Epoch 35, Loss: 1.1765
Epoch 30, Loss: 1.5696
--- Epoch 30 ---
Epoch 30, Classification Discrepancy: 0.3716, JSD: 0.0864,outputs_discrepancy:3.7573776245117188
Epoch 31, Loss: 1.6895
Epoch 31, Loss: 1.5663
--- Epoch 31 ---
Epoch 31, Classification Discrepancy: 0.3757, JSD: 0.1013,outputs_discrepancy:7.355062961578369
Epoch 32, Loss: 1.6728
Epoch 32, Loss: 1.5362
--- Epoch 32 ---
Epoch 32, Classification Discrepancy: 0.3493, JSD: 0.1030,outputs_discrepancy:9.369084358215332
Epoch 33, Loss: 1.6446
Epoch 33, Loss: 1.5310
--- Epoch 33 ---
Epoch 33, Classification Discrepancy: 0.3444, JSD: 0.1219,outputs_discrepancy:9.819402694702148
Epoch 34, Loss: 1.6159
Epoch 34, Loss: 1.5123
--- Epoch 34 ---
Epoch 34, Classification Discrepancy: 0.3459, JSD: 0.0913,outputs_discrepancy:12.941315650939941
Epoch 35, Loss: 1.6053
Epoch 35, Loss: 1.4871
usage: train_resnet.py [-h] [--batch-size BATCH_SIZE] [--epochs EPOCHS]
                       [--lr LR] [--momentum MOMENTUM]
                       [--weight-decay WEIGHT_DECAY]
                       [--model_name {resnet18,resnet34,resnet50,resnet101,resnet152}]
                       [--noise_level NOISE_LEVEL]
train_resnet.py: error: unrecognized arguments: noise_level=0.5
usage: train_resnet.py [-h] [--batch-size BATCH_SIZE] [--epochs EPOCHS]
                       [--lr LR] [--momentum MOMENTUM]
                       [--weight-decay WEIGHT_DECAY]
                       [--model_name {resnet18,resnet34,resnet50,resnet101,resnet152}]
                       [--noise_level NOISE_LEVEL]
train_resnet.py: error: unrecognized arguments: noise_level=0.5
Files already downloaded and verified
--- Epoch 0 ---
Files already downloaded and verified
--- Epoch 0 ---
Epoch 0, Classification Discrepancy: 0.6699, JSD: 0.5981,outputs_discrepancy:14.437530517578125
Epoch 0, Classification Discrepancy: 0.8740, JSD: 0.0082,outputs_discrepancy:1.0209765434265137
Files already downloaded and verified
--- Epoch 0 ---
Epoch 1, Loss: 3.1486
Epoch 1, Loss: 2.2961
Epoch 0, Classification Discrepancy: 0.9993, JSD: 0.1753,outputs_discrepancy:4.373699188232422
Epoch 1, Loss: 2.2992
--- Epoch 1 ---
Epoch 1, Loss: 3.1169
--- Epoch 1 ---
Epoch 1, Loss: 2.3710
Epoch 1, Classification Discrepancy: 0.5960, JSD: 0.0565,outputs_discrepancy:1.9102153778076172
Epoch 1, Classification Discrepancy: 0.7797, JSD: 0.0375,outputs_discrepancy:1.8405616283416748
Epoch 1, Loss: 2.3585
--- Epoch 1 ---
Epoch 2, Loss: 2.1917
Epoch 1, Classification Discrepancy: 0.6413, JSD: 0.0515,outputs_discrepancy:1.8560216426849365
Epoch 2, Loss: 2.6385
Epoch 2, Loss: 2.1988
--- Epoch 2 ---
Epoch 2, Loss: 2.2307
Epoch 2, Loss: 2.6298
--- Epoch 2 ---
Epoch 2, Classification Discrepancy: 0.5398, JSD: 0.0501,outputs_discrepancy:1.7495883703231812
Epoch 2, Loss: 2.2235
--- Epoch 2 ---
Epoch 3, Loss: 2.1509
Epoch 2, Classification Discrepancy: 0.8302, JSD: 0.0517,outputs_discrepancy:2.312180519104004
Epoch 2, Classification Discrepancy: 0.6575, JSD: 0.1229,outputs_discrepancy:2.267324209213257
Epoch 3, Loss: 2.1591
--- Epoch 3 ---
Epoch 3, Loss: 2.5337
Epoch 3, Loss: 2.2014
Epoch 3, Classification Discrepancy: 0.4905, JSD: 0.0583,outputs_discrepancy:1.7976210117340088
Epoch 3, Loss: 2.4936
--- Epoch 3 ---
Epoch 4, Loss: 2.1193
Epoch 3, Loss: 2.1822
--- Epoch 3 ---
Epoch 3, Classification Discrepancy: 0.6418, JSD: 0.0579,outputs_discrepancy:2.6647861003875732
Epoch 4, Loss: 2.1298
--- Epoch 4 ---
Epoch 3, Classification Discrepancy: 0.4822, JSD: 0.0768,outputs_discrepancy:2.3227665424346924
Epoch 4, Classification Discrepancy: 0.4807, JSD: 0.0341,outputs_discrepancy:1.397182822227478
Epoch 4, Loss: 2.1555
Epoch 4, Loss: 2.5105
Epoch 5, Loss: 2.0888
Epoch 4, Loss: 2.1600
--- Epoch 4 ---
Epoch 4, Loss: 2.5171
--- Epoch 4 ---
Epoch 5, Loss: 2.1050
--- Epoch 5 ---
Epoch 4, Classification Discrepancy: 0.4425, JSD: 0.0454,outputs_discrepancy:1.5594596862792969
Epoch 4, Classification Discrepancy: 0.8840, JSD: 0.1472,outputs_discrepancy:10.687516212463379
Epoch 5, Classification Discrepancy: 0.4722, JSD: 0.0929,outputs_discrepancy:1.9109811782836914
Epoch 5, Loss: 2.1371
Epoch 6, Loss: 2.0697
Epoch 5, Loss: 2.4285
Epoch 5, Loss: 2.1429
--- Epoch 5 ---
Epoch 6, Loss: 2.0819
--- Epoch 6 ---
Epoch 5, Loss: 2.4675
--- Epoch 5 ---
Epoch 5, Classification Discrepancy: 0.4419, JSD: 0.0356,outputs_discrepancy:1.7686545848846436
Epoch 6, Classification Discrepancy: 0.4010, JSD: 0.0336,outputs_discrepancy:1.4410685300827026
Epoch 5, Classification Discrepancy: 0.7072, JSD: 0.0501,outputs_discrepancy:3.092318296432495
Epoch 6, Loss: 2.1094
Epoch 7, Loss: 2.0449
Epoch 6, Loss: 2.1276
--- Epoch 6 ---
Epoch 6, Loss: 2.3723
Epoch 7, Loss: 2.0564
--- Epoch 7 ---
Epoch 6, Classification Discrepancy: 0.3863, JSD: 0.0508,outputs_discrepancy:1.5918523073196411
Epoch 7, Classification Discrepancy: 0.3721, JSD: 0.0299,outputs_discrepancy:1.321276068687439
Epoch 6, Loss: 2.3931
--- Epoch 6 ---
Epoch 7, Loss: 2.0951
Epoch 8, Loss: 2.0276
Epoch 6, Classification Discrepancy: 0.6732, JSD: 0.0967,outputs_discrepancy:9.156866073608398
Epoch 7, Loss: 2.1330
--- Epoch 7 ---
Epoch 8, Loss: 2.0408
--- Epoch 8 ---
Epoch 7, Loss: 2.3476
Epoch 7, Classification Discrepancy: 0.4990, JSD: 0.1956,outputs_discrepancy:3.619981527328491
Epoch 8, Classification Discrepancy: 0.4087, JSD: 0.0401,outputs_discrepancy:1.48881196975708
Epoch 7, Loss: 2.3814
--- Epoch 7 ---
Epoch 9, Loss: 2.0139
Epoch 8, Loss: 2.0770
Epoch 9, Loss: 2.0191
--- Epoch 9 ---
Epoch 7, Classification Discrepancy: 0.7071, JSD: 0.0920,outputs_discrepancy:4.961787223815918
Epoch 8, Loss: 2.1012
--- Epoch 8 ---
Epoch 9, Classification Discrepancy: 0.3685, JSD: 0.0330,outputs_discrepancy:1.2934856414794922
Epoch 8, Classification Discrepancy: 0.4406, JSD: 0.0837,outputs_discrepancy:2.0218021869659424
Epoch 8, Loss: 2.3366
Epoch 10, Loss: 1.9987
Epoch 9, Loss: 2.0686
Epoch 8, Loss: 2.3514
--- Epoch 8 ---
Epoch 10, Loss: 2.0087
--- Epoch 10 ---
Epoch 9, Loss: 2.0924
--- Epoch 9 ---
Epoch 8, Classification Discrepancy: 0.6471, JSD: 0.0883,outputs_discrepancy:7.1488037109375
Epoch 10, Classification Discrepancy: 0.3425, JSD: 0.0402,outputs_discrepancy:1.3805315494537354
Epoch 9, Classification Discrepancy: 0.4080, JSD: 0.0648,outputs_discrepancy:1.9240996837615967
Epoch 11, Loss: 1.9867
Epoch 9, Loss: 2.3050
Epoch 10, Loss: 2.0628
Epoch 11, Loss: 1.9866
--- Epoch 11 ---
Epoch 9, Loss: 2.3202
--- Epoch 9 ---
Epoch 10, Loss: 2.0788
--- Epoch 10 ---
Epoch 11, Classification Discrepancy: 0.3375, JSD: 0.0340,outputs_discrepancy:1.2859973907470703
Epoch 10, Classification Discrepancy: 0.3656, JSD: 0.0599,outputs_discrepancy:1.5128893852233887
Epoch 9, Classification Discrepancy: 0.5985, JSD: 0.0971,outputs_discrepancy:6.424285888671875
Epoch 12, Loss: 1.9767
Epoch 11, Loss: 2.0355
Epoch 10, Loss: 2.2960
Epoch 12, Loss: 1.9761
--- Epoch 12 ---
Epoch 11, Loss: 2.0804
--- Epoch 11 ---
Epoch 12, Classification Discrepancy: 0.3506, JSD: 0.0359,outputs_discrepancy:1.3744176626205444
Epoch 10, Loss: 2.2815
--- Epoch 10 ---
Epoch 11, Classification Discrepancy: 0.3922, JSD: 0.0512,outputs_discrepancy:1.5144740343093872
Epoch 13, Loss: 1.9612
Epoch 10, Classification Discrepancy: 0.6515, JSD: 0.0815,outputs_discrepancy:5.073885917663574
Epoch 12, Loss: 2.0234
Epoch 13, Loss: 1.9681
--- Epoch 13 ---
Epoch 11, Loss: 2.2725
Epoch 12, Loss: 2.0685
--- Epoch 12 ---
Epoch 13, Classification Discrepancy: 0.3170, JSD: 0.0314,outputs_discrepancy:1.325386881828308
Epoch 12, Classification Discrepancy: 0.3764, JSD: 0.0855,outputs_discrepancy:1.7730101346969604
Epoch 11, Loss: 2.2759
--- Epoch 11 ---
Epoch 14, Loss: 1.9539
Epoch 13, Loss: 2.0099
Epoch 14, Loss: 1.9594
--- Epoch 14 ---
Epoch 11, Classification Discrepancy: 0.6106, JSD: 0.0684,outputs_discrepancy:3.4001758098602295
Epoch 14, Classification Discrepancy: 0.3394, JSD: 0.0339,outputs_discrepancy:1.3169829845428467
Epoch 13, Loss: 2.0546
--- Epoch 13 ---
Epoch 12, Loss: 2.2511
Epoch 15, Loss: 1.9445
Epoch 13, Classification Discrepancy: 0.4154, JSD: 0.2950,outputs_discrepancy:7.96397590637207
Epoch 12, Loss: 2.2518
--- Epoch 12 ---
Epoch 15, Loss: 1.9435
--- Epoch 15 ---
Epoch 14, Loss: 2.0020
Epoch 12, Classification Discrepancy: 0.5881, JSD: 0.0811,outputs_discrepancy:4.735494613647461
Epoch 15, Classification Discrepancy: 0.3550, JSD: 0.0502,outputs_discrepancy:1.5944852828979492
Epoch 14, Loss: 2.0411
--- Epoch 14 ---
Epoch 16, Loss: 1.9377
Epoch 13, Loss: 2.2418
Epoch 14, Classification Discrepancy: 0.3749, JSD: 0.0385,outputs_discrepancy:1.2927286624908447
Epoch 16, Loss: 1.9389
--- Epoch 16 ---
Epoch 15, Loss: 1.9900
Epoch 13, Loss: 2.2365
--- Epoch 13 ---
Epoch 16, Classification Discrepancy: 0.3201, JSD: 0.0386,outputs_discrepancy:1.4200280904769897
Epoch 15, Loss: 2.0398
--- Epoch 15 ---
Epoch 13, Classification Discrepancy: 0.5464, JSD: 0.0876,outputs_discrepancy:3.392014980316162
Epoch 17, Loss: 1.9274
Epoch 15, Classification Discrepancy: 0.3613, JSD: 0.0531,outputs_discrepancy:1.5651578903198242
Epoch 14, Loss: 2.2149
Epoch 17, Loss: 1.9306
--- Epoch 17 ---
Epoch 16, Loss: 2.0017
Epoch 17, Classification Discrepancy: 0.2883, JSD: 0.0266,outputs_discrepancy:1.2247506380081177
Epoch 14, Loss: 2.2191
--- Epoch 14 ---
Epoch 16, Loss: 2.0347
--- Epoch 16 ---
Epoch 18, Loss: 1.9202
Epoch 14, Classification Discrepancy: 0.5560, JSD: 0.0889,outputs_discrepancy:5.244374752044678
Epoch 16, Classification Discrepancy: 0.3629, JSD: 0.0515,outputs_discrepancy:1.556246042251587
Epoch 18, Loss: 1.9248
--- Epoch 18 ---
Epoch 15, Loss: 2.2065
Epoch 17, Loss: 1.9754
Epoch 18, Classification Discrepancy: 0.3111, JSD: 0.0384,outputs_discrepancy:1.3915424346923828
Epoch 17, Loss: 2.0199
--- Epoch 17 ---
Epoch 19, Loss: 1.9143
Epoch 15, Loss: 2.2077
--- Epoch 15 ---
Epoch 17, Classification Discrepancy: 0.3399, JSD: 0.0532,outputs_discrepancy:1.6729438304901123
Epoch 19, Loss: 1.9113
--- Epoch 19 ---
Epoch 15, Classification Discrepancy: 0.5060, JSD: 0.0768,outputs_discrepancy:4.1689887046813965
Epoch 18, Loss: 1.9633
Epoch 19, Classification Discrepancy: 0.3154, JSD: 0.0344,outputs_discrepancy:1.3269442319869995
Epoch 16, Loss: 2.2131
Epoch 20, Loss: 1.9102
Epoch 18, Loss: 2.0087
--- Epoch 18 ---
Epoch 16, Loss: 2.1973
--- Epoch 16 ---
Epoch 20, Loss: 1.9079
--- Epoch 20 ---
Epoch 18, Classification Discrepancy: 0.3928, JSD: 0.0573,outputs_discrepancy:1.5083966255187988
Epoch 16, Classification Discrepancy: 0.5459, JSD: 0.0962,outputs_discrepancy:4.829901695251465
Epoch 20, Classification Discrepancy: 0.2943, JSD: 0.0344,outputs_discrepancy:1.3957161903381348
Epoch 19, Loss: 1.9562
Epoch 21, Loss: 1.9031
Epoch 17, Loss: 2.2089
Epoch 19, Loss: 1.9932
--- Epoch 19 ---
Epoch 21, Loss: 1.8984
--- Epoch 21 ---
Epoch 19, Classification Discrepancy: 0.3362, JSD: 0.0614,outputs_discrepancy:1.5590784549713135
Epoch 17, Loss: 2.1881
--- Epoch 17 ---
Epoch 21, Classification Discrepancy: 0.2896, JSD: 0.0317,outputs_discrepancy:1.2770347595214844
Epoch 20, Loss: 1.9493
Epoch 17, Classification Discrepancy: 0.5426, JSD: 0.0628,outputs_discrepancy:2.395174741744995
Epoch 22, Loss: 1.8923
Epoch 20, Loss: 2.0014
--- Epoch 20 ---
Epoch 22, Loss: 1.8929
--- Epoch 22 ---
Epoch 18, Loss: 2.1939
Epoch 20, Classification Discrepancy: 0.3487, JSD: 0.0593,outputs_discrepancy:1.7682615518569946
Epoch 22, Classification Discrepancy: 0.3005, JSD: 0.0336,outputs_discrepancy:1.3451155424118042
Epoch 18, Loss: 2.1673
--- Epoch 18 ---
Epoch 21, Loss: 1.9452
Epoch 23, Loss: 1.8849
Epoch 18, Classification Discrepancy: 0.5229, JSD: 0.0611,outputs_discrepancy:2.8303074836730957
Epoch 21, Loss: 1.9889
--- Epoch 21 ---
Epoch 23, Loss: 1.8886
--- Epoch 23 ---
Epoch 21, Classification Discrepancy: 0.3749, JSD: 0.0483,outputs_discrepancy:1.5338988304138184
Epoch 19, Loss: 2.1883
Epoch 23, Classification Discrepancy: 0.2990, JSD: 0.0391,outputs_discrepancy:1.4428796768188477
Epoch 22, Loss: 1.9376
Epoch 24, Loss: 1.8796
Epoch 19, Loss: 2.1635
--- Epoch 19 ---
Epoch 24, Loss: 1.8813
--- Epoch 24 ---
Epoch 22, Loss: 1.9873
--- Epoch 22 ---
Epoch 19, Classification Discrepancy: 0.4999, JSD: 0.0667,outputs_discrepancy:2.2994773387908936
Epoch 24, Classification Discrepancy: 0.3009, JSD: 0.0394,outputs_discrepancy:1.4698272943496704
Epoch 22, Classification Discrepancy: 0.3377, JSD: 0.0540,outputs_discrepancy:1.6298391819000244
Epoch 20, Loss: 2.1806
Epoch 25, Loss: 1.8752
Epoch 23, Loss: 1.9332
Epoch 25, Loss: 1.8737
--- Epoch 25 ---
Epoch 20, Loss: 2.1584
--- Epoch 20 ---
Epoch 23, Loss: 1.9770
--- Epoch 23 ---
Epoch 25, Classification Discrepancy: 0.2956, JSD: 0.0411,outputs_discrepancy:1.4693036079406738
Epoch 20, Classification Discrepancy: 0.4982, JSD: 0.0391,outputs_discrepancy:1.7215455770492554
Epoch 23, Classification Discrepancy: 0.3256, JSD: 0.0411,outputs_discrepancy:1.3545541763305664
Epoch 26, Loss: 1.8681
Epoch 24, Loss: 1.9246
Epoch 21, Loss: 2.1718
Epoch 26, Loss: 1.8678
--- Epoch 26 ---
Epoch 24, Loss: 1.9723
--- Epoch 24 ---
Epoch 26, Classification Discrepancy: 0.2804, JSD: 0.0346,outputs_discrepancy:1.3279311656951904
Epoch 21, Loss: 2.1473
--- Epoch 21 ---
Epoch 24, Classification Discrepancy: 0.3518, JSD: 0.0563,outputs_discrepancy:1.6217561960220337
Epoch 27, Loss: 1.8619
Epoch 21, Classification Discrepancy: 0.5030, JSD: 0.0709,outputs_discrepancy:2.603177785873413
Epoch 25, Loss: 1.9296
Epoch 27, Loss: 1.8581
--- Epoch 27 ---
Epoch 22, Loss: 2.1646
Epoch 25, Loss: 1.9708
--- Epoch 25 ---
Epoch 27, Classification Discrepancy: 0.2875, JSD: 0.0354,outputs_discrepancy:1.39594304561615
Epoch 22, Loss: 2.1353
--- Epoch 22 ---
Epoch 25, Classification Discrepancy: 0.3578, JSD: 0.0455,outputs_discrepancy:1.4744641780853271
Epoch 28, Loss: 1.8579
Epoch 28, Loss: 1.8558
--- Epoch 28 ---
Epoch 22, Classification Discrepancy: 0.4754, JSD: 0.0753,outputs_discrepancy:3.412505626678467
Epoch 26, Loss: 1.9158
Epoch 28, Classification Discrepancy: 0.2984, JSD: 0.0406,outputs_discrepancy:1.4544751644134521
Epoch 26, Loss: 1.9836
--- Epoch 26 ---
Epoch 23, Loss: 2.1585
Epoch 29, Loss: 1.8470
Epoch 26, Classification Discrepancy: 0.3332, JSD: 0.0490,outputs_discrepancy:1.5242276191711426
Epoch 23, Loss: 2.1318
--- Epoch 23 ---
Epoch 29, Loss: 1.8466
--- Epoch 29 ---
Epoch 27, Loss: 1.9086
Epoch 23, Classification Discrepancy: 0.4679, JSD: 0.0613,outputs_discrepancy:2.5847606658935547
Epoch 29, Classification Discrepancy: 0.2804, JSD: 0.0379,outputs_discrepancy:1.4432686567306519
Epoch 27, Loss: 1.9617
--- Epoch 27 ---
Epoch 30, Loss: 1.8419
Epoch 24, Loss: 2.1508
Epoch 27, Classification Discrepancy: 0.3260, JSD: 0.0418,outputs_discrepancy:1.307534098625183
Epoch 30, Loss: 1.8429
--- Epoch 30 ---
Epoch 28, Loss: 1.8990
Epoch 24, Loss: 2.1241
--- Epoch 24 ---
Epoch 30, Classification Discrepancy: 0.2801, JSD: 0.0399,outputs_discrepancy:1.5027179718017578
Epoch 28, Loss: 1.9534
--- Epoch 28 ---
Epoch 24, Classification Discrepancy: 0.4893, JSD: 0.0796,outputs_discrepancy:2.9645776748657227
Epoch 31, Loss: 1.8354
Epoch 28, Classification Discrepancy: 0.3243, JSD: 0.0465,outputs_discrepancy:1.4468085765838623
Epoch 25, Loss: 2.1448
Epoch 31, Loss: 1.8363
--- Epoch 31 ---
Epoch 29, Loss: 1.8937
Epoch 31, Classification Discrepancy: 0.2971, JSD: 0.0420,outputs_discrepancy:1.5386265516281128
Epoch 25, Loss: 2.1194
--- Epoch 25 ---
Epoch 29, Loss: 1.9492
--- Epoch 29 ---
Epoch 32, Loss: 1.8285
Epoch 25, Classification Discrepancy: 0.4854, JSD: 0.0833,outputs_discrepancy:3.2045555114746094
Epoch 29, Classification Discrepancy: 0.3128, JSD: 0.0454,outputs_discrepancy:1.3993134498596191
Epoch 32, Loss: 1.8288
--- Epoch 32 ---
Epoch 26, Loss: 2.1419
Epoch 30, Loss: 1.8949
Epoch 32, Classification Discrepancy: 0.2903, JSD: 0.0428,outputs_discrepancy:1.5667513608932495
Epoch 30, Loss: 1.9345
--- Epoch 30 ---
Epoch 33, Loss: 1.8233
Epoch 26, Loss: 2.1186
--- Epoch 26 ---
Epoch 30, Classification Discrepancy: 0.3135, JSD: 0.0429,outputs_discrepancy:1.3927723169326782
Epoch 33, Loss: 1.8220
--- Epoch 33 ---
Epoch 26, Classification Discrepancy: 0.4625, JSD: 0.0458,outputs_discrepancy:1.4414727687835693
Epoch 33, Classification Discrepancy: 0.2925, JSD: 0.0467,outputs_discrepancy:1.6528127193450928
Epoch 31, Loss: 1.8846
Epoch 27, Loss: 2.1378
Files already downloaded and verified
--- Epoch 0 ---
Epoch 34, Loss: 1.8141
Epoch 31, Loss: 1.9287
--- Epoch 31 ---
Files already downloaded and verified
--- Epoch 0 ---
Epoch 27, Loss: 2.1086
--- Epoch 27 ---
Files already downloaded and verified
--- Epoch 0 ---
Epoch 0, Classification Discrepancy: 0.9968, JSD: 0.0214,outputs_discrepancy:1.3275799751281738
Epoch 34, Loss: 1.8176
--- Epoch 34 ---
Epoch 31, Classification Discrepancy: 0.3190, JSD: 0.0488,outputs_discrepancy:1.4803701639175415
Epoch 0, Classification Discrepancy: 0.0000, JSD: 0.2890,outputs_discrepancy:9.13333511352539
Epoch 0, Classification Discrepancy: 0.9510, JSD: 1.2354,outputs_discrepancy:10.359551429748535
Epoch 27, Classification Discrepancy: 0.5060, JSD: 0.0884,outputs_discrepancy:3.9904298782348633
Epoch 34, Classification Discrepancy: 0.3066, JSD: 0.0507,outputs_discrepancy:1.7057180404663086
Epoch 1, Loss: 2.3273
Epoch 32, Loss: 1.8772
Epoch 1, Loss: 2.4121
Epoch 1, Loss: 2.3499
--- Epoch 1 ---
Epoch 1, Loss: 2.7440
Epoch 35, Loss: 1.8115
Epoch 28, Loss: 2.1295
Epoch 32, Loss: 1.9214
--- Epoch 32 ---
Epoch 1, Loss: 2.3913
--- Epoch 1 ---
Epoch 1, Classification Discrepancy: 0.6644, JSD: 0.0281,outputs_discrepancy:1.463310956954956
Files already downloaded and verified
--- Epoch 0 ---
Epoch 35, Loss: 1.8109
Epoch 1, Loss: 2.9074
--- Epoch 1 ---
Epoch 28, Loss: 2.0987
--- Epoch 28 ---
Epoch 32, Classification Discrepancy: 0.3215, JSD: 0.0893,outputs_discrepancy:1.9962139129638672
Epoch 1, Classification Discrepancy: 0.9181, JSD: 0.0219,outputs_discrepancy:1.6385633945465088
Epoch 2, Loss: 2.1738
Epoch 1, Classification Discrepancy: 0.5322, JSD: 0.0404,outputs_discrepancy:2.622554063796997
Epoch 28, Classification Discrepancy: 0.4605, JSD: 0.0554,outputs_discrepancy:1.8123846054077148
Epoch 33, Loss: 1.8781
Epoch 2, Loss: 2.2269
Epoch 0, Classification Discrepancy: 1.0000, JSD: 10.8188,outputs_discrepancy:523.767333984375
Epoch 2, Loss: 2.1672
--- Epoch 2 ---
Epoch 29, Loss: 2.1255
Epoch 33, Loss: 1.9225
--- Epoch 33 ---
Epoch 2, Loss: 2.2444
Epoch 2, Loss: 2.2139
--- Epoch 2 ---
Epoch 2, Classification Discrepancy: 0.5900, JSD: 0.0256,outputs_discrepancy:1.2995303869247437
Epoch 33, Classification Discrepancy: 0.2989, JSD: 0.0521,outputs_discrepancy:1.4566757678985596
Epoch 29, Loss: 2.0887
--- Epoch 29 ---
Epoch 2, Loss: 2.2871
--- Epoch 2 ---
Epoch 3, Loss: 2.1435
Epoch 1, Loss: 2.8994
Epoch 2, Classification Discrepancy: 0.6667, JSD: 0.0223,outputs_discrepancy:1.190191388130188
Epoch 34, Loss: 1.8786
Epoch 29, Classification Discrepancy: 0.4707, JSD: 0.0692,outputs_discrepancy:3.147226572036743
Epoch 3, Loss: 2.1372
--- Epoch 3 ---
Epoch 2, Classification Discrepancy: 0.7752, JSD: 0.0200,outputs_discrepancy:1.2320674657821655
Epoch 3, Loss: 2.1804
Epoch 34, Loss: 1.9101
--- Epoch 34 ---
Epoch 3, Classification Discrepancy: 0.5853, JSD: 0.0304,outputs_discrepancy:1.316222906112671
Epoch 30, Loss: 2.1210
Epoch 3, Loss: 2.2215
Epoch 3, Loss: 2.1753
--- Epoch 3 ---
Epoch 34, Classification Discrepancy: 0.3160, JSD: 0.0420,outputs_discrepancy:1.3960081338882446
Epoch 4, Loss: 2.1192
Epoch 30, Loss: 2.0797
--- Epoch 30 ---
Epoch 3, Classification Discrepancy: 0.4876, JSD: 0.0244,outputs_discrepancy:1.2944084405899048
Epoch 3, Loss: 2.2563
--- Epoch 3 ---
Files already downloaded and verified
--- Epoch 0 ---
Epoch 35, Loss: 1.8789
Epoch 4, Loss: 2.1131
--- Epoch 4 ---
Epoch 30, Classification Discrepancy: 0.4745, JSD: 0.0593,outputs_discrepancy:2.354248523712158
Epoch 4, Loss: 2.1504
Epoch 3, Classification Discrepancy: 0.8292, JSD: 0.0152,outputs_discrepancy:0.9548935890197754
Epoch 35, Loss: 1.9056
Epoch 4, Classification Discrepancy: 0.5071, JSD: 0.0275,outputs_discrepancy:1.1930543184280396
Epoch 0, Classification Discrepancy: 0.0000, JSD: 0.0000,outputs_discrepancy:661.4200439453125
Epoch 4, Loss: 2.1589
--- Epoch 4 ---
Epoch 31, Loss: 2.1182
Epoch 5, Loss: 2.0904
Epoch 4, Loss: 2.1978
Epoch 4, Classification Discrepancy: 0.5244, JSD: 0.0512,outputs_discrepancy:1.4707573652267456
Epoch 5, Loss: 2.0934
--- Epoch 5 ---
Epoch 31, Loss: 2.0818
--- Epoch 31 ---
Epoch 4, Loss: 2.2330
--- Epoch 4 ---
Epoch 5, Loss: 2.1250
Epoch 1, Loss: 2.8040
Epoch 5, Classification Discrepancy: 0.4920, JSD: 0.0322,outputs_discrepancy:1.2871912717819214
Epoch 31, Classification Discrepancy: 0.4631, JSD: 0.0681,outputs_discrepancy:2.4536993503570557
Epoch 4, Classification Discrepancy: 0.7555, JSD: 0.0233,outputs_discrepancy:1.2798248529434204
Epoch 5, Loss: 2.1392
--- Epoch 5 ---
Epoch 6, Loss: 2.0739
Epoch 32, Loss: 2.1195
Epoch 5, Loss: 2.1874
Epoch 5, Classification Discrepancy: 0.6142, JSD: 0.0873,outputs_discrepancy:2.5366551876068115
Epoch 6, Loss: 2.0712
--- Epoch 6 ---
Epoch 1, Loss: 2.8173
--- Epoch 1 ---
Epoch 32, Loss: 2.0721
--- Epoch 32 ---
Epoch 6, Classification Discrepancy: 0.4671, JSD: 0.0272,outputs_discrepancy:1.2210520505905151
Epoch 6, Loss: 2.1080
Epoch 5, Loss: 2.2120
--- Epoch 5 ---
Epoch 32, Classification Discrepancy: 0.4589, JSD: 0.0724,outputs_discrepancy:2.477041721343994
Epoch 1, Classification Discrepancy: 0.8718, JSD: 0.0295,outputs_discrepancy:2.1913719177246094
